{"/Users/d061203/dev/luigi-project/sapluigi/container/src/constants/communication.ts": {"path":"/Users/d061203/dev/luigi-project/sapluigi/container/src/constants/communication.ts","statementMap":{"0":{"start":{"line":5,"column":32},"end":{"line":5,"column":48}},"1":{"start":{"line":9,"column":37},"end":{"line":9,"column":58}},"2":{"start":{"line":13,"column":36},"end":{"line":13,"column":56}},"3":{"start":{"line":17,"column":31},"end":{"line":17,"column":51}},"4":{"start":{"line":21,"column":30},"end":{"line":21,"column":51}},"5":{"start":{"line":25,"column":29},"end":{"line":25,"column":42}},"6":{"start":{"line":29,"column":43},"end":{"line":29,"column":70}},"7":{"start":{"line":33,"column":41},"end":{"line":33,"column":66}},"8":{"start":{"line":37,"column":49},"end":{"line":37,"column":82}},"9":{"start":{"line":41,"column":48},"end":{"line":41,"column":80}},"10":{"start":{"line":45,"column":48},"end":{"line":45,"column":80}},"11":{"start":{"line":50,"column":44},"end":{"line":50,"column":72}},"12":{"start":{"line":55,"column":43},"end":{"line":55,"column":64}},"13":{"start":{"line":60,"column":48},"end":{"line":60,"column":80}},"14":{"start":{"line":65,"column":41},"end":{"line":65,"column":61}},"15":{"start":{"line":70,"column":49},"end":{"line":70,"column":82}},"16":{"start":{"line":75,"column":41},"end":{"line":75,"column":64}},"17":{"start":{"line":80,"column":43},"end":{"line":80,"column":70}},"18":{"start":{"line":85,"column":45},"end":{"line":85,"column":82}},"19":{"start":{"line":90,"column":48},"end":{"line":90,"column":80}},"20":{"start":{"line":95,"column":43},"end":{"line":95,"column":70}},"21":{"start":{"line":100,"column":42},"end":{"line":100,"column":68}}},"fnMap":{},"branchMap":{},"s":{"0":1,"1":1,"2":1,"3":1,"4":1,"5":1,"6":1,"7":1,"8":1,"9":1,"10":1,"11":1,"12":1,"13":1,"14":1,"15":1,"16":1,"17":1,"18":1,"19":1,"20":1,"21":1},"f":{},"b":{},"_coverageSchema":"1a1c01bbd47fc00a2c39e90264f33305004495a9","hash":"8612389a96fcd78c5be2cb8e71a7ab470cdf7ba3"}
,"/Users/d061203/dev/luigi-project/sapluigi/container/src/constants/internal-communication.ts": {"path":"/Users/d061203/dev/luigi-project/sapluigi/container/src/constants/internal-communication.ts","statementMap":{"0":{"start":{"line":5,"column":34},"end":{"line":5,"column":42}},"1":{"start":{"line":9,"column":31},"end":{"line":9,"column":50}},"2":{"start":{"line":13,"column":42},"end":{"line":13,"column":54}},"3":{"start":{"line":18,"column":36},"end":{"line":18,"column":51}},"4":{"start":{"line":22,"column":38},"end":{"line":22,"column":61}},"5":{"start":{"line":26,"column":33},"end":{"line":26,"column":54}},"6":{"start":{"line":30,"column":32},"end":{"line":30,"column":53}},"7":{"start":{"line":34,"column":31},"end":{"line":34,"column":46}},"8":{"start":{"line":38,"column":45},"end":{"line":38,"column":68}},"9":{"start":{"line":42,"column":43},"end":{"line":42,"column":64}},"10":{"start":{"line":46,"column":51},"end":{"line":46,"column":84}},"11":{"start":{"line":50,"column":50},"end":{"line":50,"column":80}},"12":{"start":{"line":54,"column":50},"end":{"line":54,"column":80}},"13":{"start":{"line":59,"column":46},"end":{"line":59,"column":75}},"14":{"start":{"line":64,"column":45},"end":{"line":64,"column":54}},"15":{"start":{"line":69,"column":50},"end":{"line":69,"column":80}},"16":{"start":{"line":74,"column":43},"end":{"line":74,"column":60}},"17":{"start":{"line":79,"column":51},"end":{"line":79,"column":77}},"18":{"start":{"line":84,"column":43},"end":{"line":84,"column":66}},"19":{"start":{"line":89,"column":45},"end":{"line":89,"column":76}},"20":{"start":{"line":94,"column":39},"end":{"line":94,"column":55}},"21":{"start":{"line":99,"column":47},"end":{"line":99,"column":66}},"22":{"start":{"line":104,"column":50},"end":{"line":104,"column":88}},"23":{"start":{"line":109,"column":45},"end":{"line":109,"column":74}},"24":{"start":{"line":114,"column":44},"end":{"line":114,"column":66}}},"fnMap":{},"branchMap":{},"s":{"0":1,"1":1,"2":1,"3":1,"4":1,"5":1,"6":1,"7":1,"8":1,"9":1,"10":1,"11":1,"12":1,"13":1,"14":1,"15":1,"16":1,"17":1,"18":1,"19":1,"20":1,"21":1,"22":1,"23":1,"24":1},"f":{},"b":{},"_coverageSchema":"1a1c01bbd47fc00a2c39e90264f33305004495a9","hash":"f20b5b6f2392488c4f2bf73014f44ceb071eb660"}
,"/Users/d061203/dev/luigi-project/sapluigi/container/src/services/container.service.ts": {"path":"/Users/d061203/dev/luigi-project/sapluigi/container/src/services/container.service.ts","statementMap":{"0":{"start":{"line":10,"column":4},"end":{"line":10,"column":100}},"1":{"start":{"line":20,"column":24},"end":{"line":20,"column":52}},"2":{"start":{"line":21,"column":4},"end":{"line":28,"column":5}},"3":{"start":{"line":22,"column":24},"end":{"line":22,"column":56}},"4":{"start":{"line":23,"column":6},"end":{"line":25,"column":104}},"5":{"start":{"line":27,"column":6},"end":{"line":27,"column":60}},"6":{"start":{"line":40,"column":22},"end":{"line":40,"column":60}},"7":{"start":{"line":41,"column":4},"end":{"line":45,"column":5}},"8":{"start":{"line":42,"column":6},"end":{"line":44,"column":8}},"9":{"start":{"line":43,"column":8},"end":{"line":43,"column":23}},"10":{"start":{"line":46,"column":4},"end":{"line":46,"column":41}},"11":{"start":{"line":51,"column":4},"end":{"line":55,"column":7}},"12":{"start":{"line":52,"column":6},"end":{"line":54,"column":7}},"13":{"start":{"line":53,"column":8},"end":{"line":53,"column":22}},"14":{"start":{"line":57,"column":4},"end":{"line":57,"column":15}},"15":{"start":{"line":61,"column":4},"end":{"line":163,"column":5}},"16":{"start":{"line":62,"column":6},"end":{"line":161,"column":8}},"17":{"start":{"line":65,"column":28},"end":{"line":65,"column":58}},"18":{"start":{"line":66,"column":25},"end":{"line":66,"column":71}},"19":{"start":{"line":67,"column":10},"end":{"line":159,"column":11}},"20":{"start":{"line":69,"column":24},"end":{"line":69,"column":38}},"21":{"start":{"line":72,"column":12},"end":{"line":158,"column":13}},"22":{"start":{"line":74,"column":16},"end":{"line":74,"column":81}},"23":{"start":{"line":75,"column":16},"end":{"line":75,"column":22}},"24":{"start":{"line":78,"column":16},"end":{"line":85,"column":18}},"25":{"start":{"line":86,"column":16},"end":{"line":86,"column":22}},"26":{"start":{"line":88,"column":16},"end":{"line":88,"column":87}},"27":{"start":{"line":89,"column":16},"end":{"line":89,"column":22}},"28":{"start":{"line":92,"column":16},"end":{"line":92,"column":70}},"29":{"start":{"line":93,"column":16},"end":{"line":93,"column":22}},"30":{"start":{"line":95,"column":16},"end":{"line":95,"column":80}},"31":{"start":{"line":96,"column":16},"end":{"line":96,"column":22}},"32":{"start":{"line":98,"column":16},"end":{"line":101,"column":19}},"33":{"start":{"line":102,"column":16},"end":{"line":102,"column":22}},"34":{"start":{"line":104,"column":16},"end":{"line":107,"column":19}},"35":{"start":{"line":108,"column":16},"end":{"line":108,"column":22}},"36":{"start":{"line":110,"column":16},"end":{"line":110,"column":98}},"37":{"start":{"line":111,"column":16},"end":{"line":111,"column":22}},"38":{"start":{"line":113,"column":16},"end":{"line":113,"column":87}},"39":{"start":{"line":114,"column":16},"end":{"line":114,"column":22}},"40":{"start":{"line":116,"column":16},"end":{"line":116,"column":87}},"41":{"start":{"line":117,"column":16},"end":{"line":117,"column":22}},"42":{"start":{"line":119,"column":16},"end":{"line":119,"column":83}},"43":{"start":{"line":120,"column":16},"end":{"line":120,"column":22}},"44":{"start":{"line":122,"column":16},"end":{"line":122,"column":82}},"45":{"start":{"line":123,"column":16},"end":{"line":123,"column":22}},"46":{"start":{"line":125,"column":16},"end":{"line":125,"column":87}},"47":{"start":{"line":126,"column":16},"end":{"line":126,"column":22}},"48":{"start":{"line":128,"column":16},"end":{"line":128,"column":80}},"49":{"start":{"line":129,"column":16},"end":{"line":129,"column":22}},"50":{"start":{"line":131,"column":16},"end":{"line":131,"column":88}},"51":{"start":{"line":132,"column":16},"end":{"line":132,"column":22}},"52":{"start":{"line":134,"column":16},"end":{"line":134,"column":80}},"53":{"start":{"line":135,"column":16},"end":{"line":135,"column":22}},"54":{"start":{"line":137,"column":16},"end":{"line":137,"column":82}},"55":{"start":{"line":138,"column":16},"end":{"line":138,"column":22}},"56":{"start":{"line":141,"column":16},"end":{"line":141,"column":84}},"57":{"start":{"line":142,"column":16},"end":{"line":142,"column":22}},"58":{"start":{"line":144,"column":16},"end":{"line":144,"column":87}},"59":{"start":{"line":145,"column":16},"end":{"line":145,"column":22}},"60":{"start":{"line":147,"column":16},"end":{"line":147,"column":82}},"61":{"start":{"line":148,"column":16},"end":{"line":148,"column":22}},"62":{"start":{"line":150,"column":16},"end":{"line":150,"column":81}},"63":{"start":{"line":151,"column":16},"end":{"line":151,"column":22}},"64":{"start":{"line":154,"column":16},"end":{"line":154,"column":22}},"65":{"start":{"line":156,"column":16},"end":{"line":156,"column":73}},"66":{"start":{"line":157,"column":16},"end":{"line":157,"column":22}},"67":{"start":{"line":162,"column":6},"end":{"line":162,"column":95}},"68":{"start":{"line":164,"column":4},"end":{"line":164,"column":48}},"69":{"start":{"line":168,"column":4},"end":{"line":168,"column":57}},"70":{"start":{"line":172,"column":32},"end":{"line":172,"column":54}}},"fnMap":{"0":{"name":"(anonymous_0)","decl":{"start":{"line":7,"column":2},"end":{"line":7,"column":3}},"loc":{"start":{"line":7,"column":16},"end":{"line":7,"column":18}},"line":7},"1":{"name":"(anonymous_1)","decl":{"start":{"line":9,"column":2},"end":{"line":9,"column":3}},"loc":{"start":{"line":9,"column":36},"end":{"line":11,"column":3}},"line":9},"2":{"name":"(anonymous_2)","decl":{"start":{"line":19,"column":2},"end":{"line":19,"column":3}},"loc":{"start":{"line":19,"column":75},"end":{"line":29,"column":3}},"line":19},"3":{"name":"(anonymous_3)","decl":{"start":{"line":39,"column":2},"end":{"line":39,"column":3}},"loc":{"start":{"line":39,"column":109},"end":{"line":47,"column":3}},"line":39},"4":{"name":"(anonymous_4)","decl":{"start":{"line":42,"column":43},"end":{"line":42,"column":44}},"loc":{"start":{"line":42,"column":51},"end":{"line":44,"column":7}},"line":42},"5":{"name":"(anonymous_5)","decl":{"start":{"line":49,"column":2},"end":{"line":49,"column":3}},"loc":{"start":{"line":49,"column":28},"end":{"line":58,"column":3}},"line":49},"6":{"name":"(anonymous_6)","decl":{"start":{"line":51,"column":59},"end":{"line":51,"column":60}},"loc":{"start":{"line":51,"column":70},"end":{"line":55,"column":5}},"line":51},"7":{"name":"(anonymous_7)","decl":{"start":{"line":60,"column":2},"end":{"line":60,"column":3}},"loc":{"start":{"line":60,"column":24},"end":{"line":165,"column":3}},"line":60},"8":{"name":"(anonymous_8)","decl":{"start":{"line":64,"column":25},"end":{"line":64,"column":26}},"loc":{"start":{"line":64,"column":34},"end":{"line":160,"column":9}},"line":64},"9":{"name":"(anonymous_9)","decl":{"start":{"line":167,"column":2},"end":{"line":167,"column":3}},"loc":{"start":{"line":167,"column":50},"end":{"line":169,"column":3}},"line":167}},"branchMap":{"0":{"loc":{"start":{"line":10,"column":14},"end":{"line":10,"column":98}},"type":"binary-expr","locations":[{"start":{"line":10,"column":14},"end":{"line":10,"column":35}},{"start":{"line":10,"column":39},"end":{"line":10,"column":61}},{"start":{"line":10,"column":65},"end":{"line":10,"column":98}}],"line":10},"1":{"loc":{"start":{"line":20,"column":24},"end":{"line":20,"column":52}},"type":"cond-expr","locations":[{"start":{"line":20,"column":34},"end":{"line":20,"column":41}},{"start":{"line":20,"column":44},"end":{"line":20,"column":52}}],"line":20},"2":{"loc":{"start":{"line":21,"column":4},"end":{"line":28,"column":5}},"type":"if","locations":[{"start":{"line":21,"column":4},"end":{"line":28,"column":5}},{"start":{"line":26,"column":11},"end":{"line":28,"column":5}}],"line":21},"3":{"loc":{"start":{"line":23,"column":6},"end":{"line":25,"column":103}},"type":"cond-expr","locations":[{"start":{"line":24,"column":10},"end":{"line":24,"column":106}},{"start":{"line":25,"column":10},"end":{"line":25,"column":103}}],"line":23},"4":{"loc":{"start":{"line":41,"column":4},"end":{"line":45,"column":5}},"type":"if","locations":[{"start":{"line":41,"column":4},"end":{"line":45,"column":5}},{"start":{},"end":{}}],"line":41},"5":{"loc":{"start":{"line":41,"column":8},"end":{"line":41,"column":79}},"type":"binary-expr","locations":[{"start":{"line":41,"column":8},"end":{"line":41,"column":16}},{"start":{"line":41,"column":20},"end":{"line":41,"column":63}},{"start":{"line":41,"column":67},"end":{"line":41,"column":79}}],"line":41},"6":{"loc":{"start":{"line":52,"column":6},"end":{"line":54,"column":7}},"type":"if","locations":[{"start":{"line":52,"column":6},"end":{"line":54,"column":7}},{"start":{},"end":{}}],"line":52},"7":{"loc":{"start":{"line":52,"column":10},"end":{"line":52,"column":100}},"type":"binary-expr","locations":[{"start":{"line":52,"column":10},"end":{"line":52,"column":38}},{"start":{"line":52,"column":42},"end":{"line":52,"column":100}}],"line":52},"8":{"loc":{"start":{"line":61,"column":4},"end":{"line":163,"column":5}},"type":"if","locations":[{"start":{"line":61,"column":4},"end":{"line":163,"column":5}},{"start":{},"end":{}}],"line":61},"9":{"loc":{"start":{"line":67,"column":10},"end":{"line":159,"column":11}},"type":"if","locations":[{"start":{"line":67,"column":10},"end":{"line":159,"column":11}},{"start":{},"end":{}}],"line":67},"10":{"loc":{"start":{"line":67,"column":14},"end":{"line":67,"column":47}},"type":"binary-expr","locations":[{"start":{"line":67,"column":14},"end":{"line":67,"column":20}},{"start":{"line":67,"column":24},"end":{"line":67,"column":47}}],"line":67},"11":{"loc":{"start":{"line":72,"column":12},"end":{"line":158,"column":13}},"type":"switch","locations":[{"start":{"line":73,"column":14},"end":{"line":75,"column":22}},{"start":{"line":76,"column":14},"end":{"line":86,"column":22}},{"start":{"line":87,"column":14},"end":{"line":89,"column":22}},{"start":{"line":91,"column":14},"end":{"line":93,"column":22}},{"start":{"line":94,"column":14},"end":{"line":96,"column":22}},{"start":{"line":97,"column":14},"end":{"line":102,"column":22}},{"start":{"line":103,"column":14},"end":{"line":108,"column":22}},{"start":{"line":109,"column":14},"end":{"line":111,"column":22}},{"start":{"line":112,"column":14},"end":{"line":114,"column":22}},{"start":{"line":115,"column":14},"end":{"line":117,"column":22}},{"start":{"line":118,"column":14},"end":{"line":120,"column":22}},{"start":{"line":121,"column":14},"end":{"line":123,"column":22}},{"start":{"line":124,"column":14},"end":{"line":126,"column":22}},{"start":{"line":127,"column":14},"end":{"line":129,"column":22}},{"start":{"line":130,"column":14},"end":{"line":132,"column":22}},{"start":{"line":133,"column":14},"end":{"line":135,"column":22}},{"start":{"line":136,"column":14},"end":{"line":138,"column":22}},{"start":{"line":140,"column":14},"end":{"line":142,"column":22}},{"start":{"line":143,"column":14},"end":{"line":145,"column":22}},{"start":{"line":146,"column":14},"end":{"line":148,"column":22}},{"start":{"line":149,"column":14},"end":{"line":151,"column":22}},{"start":{"line":152,"column":14},"end":{"line":154,"column":22}},{"start":{"line":155,"column":14},"end":{"line":157,"column":22}}],"line":72},"12":{"loc":{"start":{"line":81,"column":29},"end":{"line":81,"column":52}},"type":"binary-expr","locations":[{"start":{"line":81,"column":29},"end":{"line":81,"column":46}},{"start":{"line":81,"column":50},"end":{"line":81,"column":52}}],"line":81}},"s":{"0":0,"1":0,"2":0,"3":0,"4":0,"5":0,"6":0,"7":0,"8":0,"9":0,"10":0,"11":0,"12":0,"13":0,"14":0,"15":0,"16":0,"17":0,"18":0,"19":0,"20":0,"21":0,"22":0,"23":0,"24":0,"25":0,"26":0,"27":0,"28":0,"29":0,"30":0,"31":0,"32":0,"33":0,"34":0,"35":0,"36":0,"37":0,"38":0,"39":0,"40":0,"41":0,"42":0,"43":0,"44":0,"45":0,"46":0,"47":0,"48":0,"49":0,"50":0,"51":0,"52":0,"53":0,"54":0,"55":0,"56":0,"57":0,"58":0,"59":0,"60":0,"61":0,"62":0,"63":0,"64":0,"65":0,"66":0,"67":0,"68":0,"69":0,"70":1},"f":{"0":2,"1":0,"2":0,"3":0,"4":0,"5":0,"6":0,"7":0,"8":0,"9":0},"b":{"0":[0,0,0],"1":[0,0],"2":[0,0],"3":[0,0],"4":[0,0],"5":[0,0,0],"6":[0,0],"7":[0,0],"8":[0,0],"9":[0,0],"10":[0,0],"11":[0,0,0,0,0,0,0,0,0,0,0,0,0,0,0,0,0,0,0,0,0,0,0],"12":[0,0]},"_coverageSchema":"1a1c01bbd47fc00a2c39e90264f33305004495a9","hash":"263beb66f96fbf202123c68d75aac7ac859f924a"}
,"/Users/d061203/dev/luigi-project/sapluigi/container/src/services/web-component-helpers.ts": {"path":"/Users/d061203/dev/luigi-project/sapluigi/container/src/services/web-component-helpers.ts","statementMap":{"0":{"start":{"line":9,"column":4},"end":{"line":14,"column":5}},"1":{"start":{"line":10,"column":6},"end":{"line":10,"column":40}},"2":{"start":{"line":11,"column":6},"end":{"line":11,"column":45}},"3":{"start":{"line":13,"column":6},"end":{"line":13,"column":23}},"4":{"start":{"line":18,"column":4},"end":{"line":18,"column":41}},"5":{"start":{"line":22,"column":4},"end":{"line":22,"column":41}},"6":{"start":{"line":26,"column":4},"end":{"line":26,"column":45}},"7":{"start":{"line":37,"column":4},"end":{"line":37,"column":38}},"8":{"start":{"line":38,"column":4},"end":{"line":43,"column":5}},"9":{"start":{"line":39,"column":6},"end":{"line":42,"column":9}},"10":{"start":{"line":47,"column":4},"end":{"line":51,"column":5}},"11":{"start":{"line":48,"column":6},"end":{"line":48,"column":94}},"12":{"start":{"line":49,"column":11},"end":{"line":51,"column":5}},"13":{"start":{"line":50,"column":6},"end":{"line":50,"column":58}},"14":{"start":{"line":52,"column":4},"end":{"line":52,"column":43}},"15":{"start":{"line":56,"column":4},"end":{"line":60,"column":5}},"16":{"start":{"line":57,"column":6},"end":{"line":57,"column":112}},"17":{"start":{"line":58,"column":11},"end":{"line":60,"column":5}},"18":{"start":{"line":59,"column":6},"end":{"line":59,"column":74}},"19":{"start":{"line":61,"column":4},"end":{"line":61,"column":59}},"20":{"start":{"line":65,"column":4},"end":{"line":71,"column":5}},"21":{"start":{"line":66,"column":6},"end":{"line":66,"column":99}},"22":{"start":{"line":67,"column":11},"end":{"line":71,"column":5}},"23":{"start":{"line":68,"column":6},"end":{"line":68,"column":74}},"24":{"start":{"line":70,"column":6},"end":{"line":70,"column":61}},"25":{"start":{"line":80,"column":27},"end":{"line":80,"column":67}},"26":{"start":{"line":81,"column":24},"end":{"line":81,"column":53}},"27":{"start":{"line":82,"column":4},"end":{"line":82,"column":46}},"28":{"start":{"line":83,"column":23},"end":{"line":83,"column":25}},"29":{"start":{"line":85,"column":4},"end":{"line":107,"column":5}},"30":{"start":{"line":86,"column":6},"end":{"line":106,"column":9}},"31":{"start":{"line":87,"column":8},"end":{"line":105,"column":9}},"32":{"start":{"line":88,"column":19},"end":{"line":88,"column":40}},"33":{"start":{"line":89,"column":10},"end":{"line":91,"column":11}},"34":{"start":{"line":90,"column":12},"end":{"line":90,"column":55}},"35":{"start":{"line":92,"column":10},"end":{"line":94,"column":11}},"36":{"start":{"line":93,"column":12},"end":{"line":93,"column":55}},"37":{"start":{"line":96,"column":10},"end":{"line":103,"column":12}},"38":{"start":{"line":104,"column":10},"end":{"line":104,"column":29}},"39":{"start":{"line":109,"column":4},"end":{"line":120,"column":6}},"40":{"start":{"line":121,"column":4},"end":{"line":121,"column":23}},"41":{"start":{"line":125,"column":19},"end":{"line":125,"column":37}},"42":{"start":{"line":126,"column":28},"end":{"line":126,"column":57}},"43":{"start":{"line":127,"column":4},"end":{"line":127,"column":120}},"44":{"start":{"line":128,"column":4},"end":{"line":128,"column":27}},"45":{"start":{"line":138,"column":31},"end":{"line":152,"column":1}},"46":{"start":{"line":139,"column":22},"end":{"line":139,"column":40}},"47":{"start":{"line":140,"column":2},"end":{"line":150,"column":3}},"48":{"start":{"line":141,"column":4},"end":{"line":141,"column":55}},"49":{"start":{"line":142,"column":9},"end":{"line":150,"column":3}},"50":{"start":{"line":143,"column":4},"end":{"line":143,"column":52}},"51":{"start":{"line":144,"column":9},"end":{"line":150,"column":3}},"52":{"start":{"line":149,"column":4},"end":{"line":149,"column":54}},"53":{"start":{"line":151,"column":2},"end":{"line":151,"column":53}},"54":{"start":{"line":162,"column":38},"end":{"line":181,"column":1}},"55":{"start":{"line":163,"column":2},"end":{"line":180,"column":3}},"56":{"start":{"line":164,"column":4},"end":{"line":179,"column":7}},"57":{"start":{"line":165,"column":19},"end":{"line":165,"column":44}},"58":{"start":{"line":166,"column":27},"end":{"line":166,"column":50}},"59":{"start":{"line":167,"column":27},"end":{"line":172,"column":7}},"60":{"start":{"line":174,"column":6},"end":{"line":178,"column":7}},"61":{"start":{"line":175,"column":8},"end":{"line":175,"column":40}},"62":{"start":{"line":177,"column":8},"end":{"line":177,"column":49}}},"fnMap":{"0":{"name":"(anonymous_0)","decl":{"start":{"line":8,"column":2},"end":{"line":8,"column":3}},"loc":{"start":{"line":8,"column":33},"end":{"line":15,"column":3}},"line":8},"1":{"name":"(anonymous_1)","decl":{"start":{"line":17,"column":2},"end":{"line":17,"column":3}},"loc":{"start":{"line":17,"column":28},"end":{"line":19,"column":3}},"line":17},"2":{"name":"(anonymous_2)","decl":{"start":{"line":21,"column":2},"end":{"line":21,"column":3}},"loc":{"start":{"line":21,"column":66},"end":{"line":23,"column":3}},"line":21},"3":{"name":"(anonymous_3)","decl":{"start":{"line":25,"column":2},"end":{"line":25,"column":3}},"loc":{"start":{"line":25,"column":57},"end":{"line":27,"column":3}},"line":25},"4":{"name":"(anonymous_4)","decl":{"start":{"line":36,"column":2},"end":{"line":36,"column":3}},"loc":{"start":{"line":36,"column":27},"end":{"line":44,"column":3}},"line":36},"5":{"name":"(anonymous_5)","decl":{"start":{"line":46,"column":2},"end":{"line":46,"column":3}},"loc":{"start":{"line":46,"column":44},"end":{"line":53,"column":3}},"line":46},"6":{"name":"(anonymous_6)","decl":{"start":{"line":55,"column":2},"end":{"line":55,"column":3}},"loc":{"start":{"line":55,"column":60},"end":{"line":62,"column":3}},"line":55},"7":{"name":"(anonymous_7)","decl":{"start":{"line":64,"column":2},"end":{"line":64,"column":3}},"loc":{"start":{"line":64,"column":57},"end":{"line":72,"column":3}},"line":64},"8":{"name":"(anonymous_8)","decl":{"start":{"line":79,"column":2},"end":{"line":79,"column":3}},"loc":{"start":{"line":79,"column":28},"end":{"line":122,"column":3}},"line":79},"9":{"name":"(anonymous_9)","decl":{"start":{"line":86,"column":34},"end":{"line":86,"column":35}},"loc":{"start":{"line":86,"column":40},"end":{"line":106,"column":7}},"line":86},"10":{"name":"(anonymous_10)","decl":{"start":{"line":124,"column":2},"end":{"line":124,"column":3}},"loc":{"start":{"line":124,"column":60},"end":{"line":129,"column":3}},"line":124},"11":{"name":"(anonymous_11)","decl":{"start":{"line":138,"column":31},"end":{"line":138,"column":32}},"loc":{"start":{"line":138,"column":49},"end":{"line":152,"column":1}},"line":138},"12":{"name":"(anonymous_12)","decl":{"start":{"line":162,"column":38},"end":{"line":162,"column":39}},"loc":{"start":{"line":162,"column":98},"end":{"line":181,"column":1}},"line":162},"13":{"name":"(anonymous_13)","decl":{"start":{"line":164,"column":35},"end":{"line":164,"column":36}},"loc":{"start":{"line":164,"column":41},"end":{"line":179,"column":5}},"line":164}},"branchMap":{"0":{"loc":{"start":{"line":9,"column":4},"end":{"line":14,"column":5}},"type":"if","locations":[{"start":{"line":9,"column":4},"end":{"line":14,"column":5}},{"start":{"line":12,"column":11},"end":{"line":14,"column":5}}],"line":9},"1":{"loc":{"start":{"line":11,"column":20},"end":{"line":11,"column":44}},"type":"binary-expr","locations":[{"start":{"line":11,"column":20},"end":{"line":11,"column":38}},{"start":{"line":11,"column":42},"end":{"line":11,"column":44}}],"line":11},"2":{"loc":{"start":{"line":37,"column":10},"end":{"line":37,"column":36}},"type":"binary-expr","locations":[{"start":{"line":37,"column":10},"end":{"line":37,"column":21}},{"start":{"line":37,"column":25},"end":{"line":37,"column":36}}],"line":37},"3":{"loc":{"start":{"line":38,"column":4},"end":{"line":43,"column":5}},"type":"if","locations":[{"start":{"line":38,"column":4},"end":{"line":43,"column":5}},{"start":{},"end":{}}],"line":38},"4":{"loc":{"start":{"line":38,"column":8},"end":{"line":38,"column":65}},"type":"binary-expr","locations":[{"start":{"line":38,"column":8},"end":{"line":38,"column":19}},{"start":{"line":38,"column":23},"end":{"line":38,"column":38}},{"start":{"line":38,"column":42},"end":{"line":38,"column":65}}],"line":38},"5":{"loc":{"start":{"line":47,"column":4},"end":{"line":51,"column":5}},"type":"if","locations":[{"start":{"line":47,"column":4},"end":{"line":51,"column":5}},{"start":{"line":49,"column":11},"end":{"line":51,"column":5}}],"line":47},"6":{"loc":{"start":{"line":49,"column":11},"end":{"line":51,"column":5}},"type":"if","locations":[{"start":{"line":49,"column":11},"end":{"line":51,"column":5}},{"start":{},"end":{}}],"line":49},"7":{"loc":{"start":{"line":56,"column":4},"end":{"line":60,"column":5}},"type":"if","locations":[{"start":{"line":56,"column":4},"end":{"line":60,"column":5}},{"start":{"line":58,"column":11},"end":{"line":60,"column":5}}],"line":56},"8":{"loc":{"start":{"line":58,"column":11},"end":{"line":60,"column":5}},"type":"if","locations":[{"start":{"line":58,"column":11},"end":{"line":60,"column":5}},{"start":{},"end":{}}],"line":58},"9":{"loc":{"start":{"line":65,"column":4},"end":{"line":71,"column":5}},"type":"if","locations":[{"start":{"line":65,"column":4},"end":{"line":71,"column":5}},{"start":{"line":67,"column":11},"end":{"line":71,"column":5}}],"line":65},"10":{"loc":{"start":{"line":67,"column":11},"end":{"line":71,"column":5}},"type":"if","locations":[{"start":{"line":67,"column":11},"end":{"line":71,"column":5}},{"start":{"line":69,"column":11},"end":{"line":71,"column":5}}],"line":67},"11":{"loc":{"start":{"line":85,"column":4},"end":{"line":107,"column":5}},"type":"if","locations":[{"start":{"line":85,"column":4},"end":{"line":107,"column":5}},{"start":{},"end":{}}],"line":85},"12":{"loc":{"start":{"line":87,"column":8},"end":{"line":105,"column":9}},"type":"if","locations":[{"start":{"line":87,"column":8},"end":{"line":105,"column":9}},{"start":{},"end":{}}],"line":87},"13":{"loc":{"start":{"line":87,"column":12},"end":{"line":87,"column":38}},"type":"binary-expr","locations":[{"start":{"line":87,"column":12},"end":{"line":87,"column":23}},{"start":{"line":87,"column":27},"end":{"line":87,"column":38}}],"line":87},"14":{"loc":{"start":{"line":89,"column":10},"end":{"line":91,"column":11}},"type":"if","locations":[{"start":{"line":89,"column":10},"end":{"line":91,"column":11}},{"start":{},"end":{}}],"line":89},"15":{"loc":{"start":{"line":92,"column":10},"end":{"line":94,"column":11}},"type":"if","locations":[{"start":{"line":92,"column":10},"end":{"line":94,"column":11}},{"start":{},"end":{}}],"line":92},"16":{"loc":{"start":{"line":98,"column":39},"end":{"line":98,"column":59}},"type":"binary-expr","locations":[{"start":{"line":98,"column":39},"end":{"line":98,"column":49}},{"start":{"line":98,"column":53},"end":{"line":98,"column":59}}],"line":98},"17":{"loc":{"start":{"line":99,"column":36},"end":{"line":99,"column":53}},"type":"binary-expr","locations":[{"start":{"line":99,"column":36},"end":{"line":99,"column":43}},{"start":{"line":99,"column":47},"end":{"line":99,"column":53}}],"line":99},"18":{"loc":{"start":{"line":100,"column":26},"end":{"line":100,"column":39}},"type":"binary-expr","locations":[{"start":{"line":100,"column":26},"end":{"line":100,"column":32}},{"start":{"line":100,"column":36},"end":{"line":100,"column":39}}],"line":100},"19":{"loc":{"start":{"line":113,"column":37},"end":{"line":113,"column":66}},"type":"binary-expr","locations":[{"start":{"line":113,"column":37},"end":{"line":113,"column":56}},{"start":{"line":113,"column":60},"end":{"line":113,"column":66}}],"line":113},"20":{"loc":{"start":{"line":114,"column":34},"end":{"line":114,"column":60}},"type":"binary-expr","locations":[{"start":{"line":114,"column":34},"end":{"line":114,"column":50}},{"start":{"line":114,"column":54},"end":{"line":114,"column":60}}],"line":114},"21":{"loc":{"start":{"line":115,"column":24},"end":{"line":115,"column":46}},"type":"binary-expr","locations":[{"start":{"line":115,"column":24},"end":{"line":115,"column":39}},{"start":{"line":115,"column":43},"end":{"line":115,"column":46}}],"line":115},"22":{"loc":{"start":{"line":116,"column":26},"end":{"line":116,"column":57}},"type":"binary-expr","locations":[{"start":{"line":116,"column":26},"end":{"line":116,"column":47}},{"start":{"line":116,"column":51},"end":{"line":116,"column":57}}],"line":116},"23":{"loc":{"start":{"line":125,"column":19},"end":{"line":125,"column":37}},"type":"binary-expr","locations":[{"start":{"line":125,"column":19},"end":{"line":125,"column":31}},{"start":{"line":125,"column":35},"end":{"line":125,"column":37}}],"line":125},"24":{"loc":{"start":{"line":127,"column":55},"end":{"line":127,"column":75}},"type":"binary-expr","locations":[{"start":{"line":127,"column":55},"end":{"line":127,"column":65}},{"start":{"line":127,"column":69},"end":{"line":127,"column":75}}],"line":127},"25":{"loc":{"start":{"line":127,"column":93},"end":{"line":127,"column":116}},"type":"binary-expr","locations":[{"start":{"line":127,"column":93},"end":{"line":127,"column":106}},{"start":{"line":127,"column":110},"end":{"line":127,"column":116}}],"line":127},"26":{"loc":{"start":{"line":140,"column":2},"end":{"line":150,"column":3}},"type":"if","locations":[{"start":{"line":140,"column":2},"end":{"line":150,"column":3}},{"start":{"line":142,"column":9},"end":{"line":150,"column":3}}],"line":140},"27":{"loc":{"start":{"line":142,"column":9},"end":{"line":150,"column":3}},"type":"if","locations":[{"start":{"line":142,"column":9},"end":{"line":150,"column":3}},{"start":{"line":144,"column":9},"end":{"line":150,"column":3}}],"line":142},"28":{"loc":{"start":{"line":144,"column":9},"end":{"line":150,"column":3}},"type":"if","locations":[{"start":{"line":144,"column":9},"end":{"line":150,"column":3}},{"start":{},"end":{}}],"line":144},"29":{"loc":{"start":{"line":145,"column":4},"end":{"line":147,"column":34}},"type":"binary-expr","locations":[{"start":{"line":145,"column":4},"end":{"line":145,"column":39}},{"start":{"line":146,"column":4},"end":{"line":146,"column":43}},{"start":{"line":147,"column":4},"end":{"line":147,"column":34}}],"line":145},"30":{"loc":{"start":{"line":163,"column":2},"end":{"line":180,"column":3}},"type":"if","locations":[{"start":{"line":163,"column":2},"end":{"line":180,"column":3}},{"start":{},"end":{}}],"line":163},"31":{"loc":{"start":{"line":174,"column":6},"end":{"line":178,"column":7}},"type":"if","locations":[{"start":{"line":174,"column":6},"end":{"line":178,"column":7}},{"start":{"line":176,"column":13},"end":{"line":178,"column":7}}],"line":174}},"s":{"0":0,"1":0,"2":0,"3":0,"4":0,"5":0,"6":0,"7":0,"8":0,"9":0,"10":0,"11":0,"12":0,"13":0,"14":0,"15":0,"16":0,"17":0,"18":0,"19":0,"20":0,"21":0,"22":0,"23":0,"24":0,"25":0,"26":0,"27":0,"28":0,"29":0,"30":0,"31":0,"32":0,"33":0,"34":0,"35":0,"36":0,"37":0,"38":0,"39":0,"40":0,"41":0,"42":0,"43":0,"44":0,"45":1,"46":0,"47":0,"48":0,"49":0,"50":0,"51":0,"52":0,"53":0,"54":1,"55":0,"56":0,"57":0,"58":0,"59":0,"60":0,"61":0,"62":0},"f":{"0":0,"1":0,"2":0,"3":0,"4":0,"5":0,"6":0,"7":0,"8":0,"9":0,"10":0,"11":0,"12":0,"13":0},"b":{"0":[0,0],"1":[0,0],"2":[0,0],"3":[0,0],"4":[0,0,0],"5":[0,0],"6":[0,0],"7":[0,0],"8":[0,0],"9":[0,0],"10":[0,0],"11":[0,0],"12":[0,0],"13":[0,0],"14":[0,0],"15":[0,0],"16":[0,0],"17":[0,0],"18":[0,0],"19":[0,0],"20":[0,0],"21":[0,0],"22":[0,0],"23":[0,0],"24":[0,0],"25":[0,0],"26":[0,0],"27":[0,0],"28":[0,0],"29":[0,0,0],"30":[0,0],"31":[0,0]},"_coverageSchema":"1a1c01bbd47fc00a2c39e90264f33305004495a9","hash":"4c7afacc24c14239538128106219217dbf160ec5"}
,"/Users/d061203/dev/luigi-project/sapluigi/container/src/services/webcomponents.service.ts": {"path":"/Users/d061203/dev/luigi-project/sapluigi/container/src/services/webcomponents.service.ts","statementMap":{"0":{"start":{"line":11,"column":4},"end":{"line":11,"column":51}},"1":{"start":{"line":16,"column":4},"end":{"line":16,"column":68}},"2":{"start":{"line":20,"column":4},"end":{"line":20,"column":19}},"3":{"start":{"line":27,"column":4},"end":{"line":39,"column":5}},"4":{"start":{"line":28,"column":17},"end":{"line":28,"column":46}},"5":{"start":{"line":29,"column":6},"end":{"line":31,"column":7}},"6":{"start":{"line":30,"column":8},"end":{"line":30,"column":42}},"7":{"start":{"line":33,"column":6},"end":{"line":33,"column":65}},"8":{"start":{"line":34,"column":6},"end":{"line":34,"column":55}},"9":{"start":{"line":35,"column":6},"end":{"line":37,"column":7}},"10":{"start":{"line":36,"column":8},"end":{"line":36,"column":50}},"11":{"start":{"line":38,"column":6},"end":{"line":38,"column":56}},"12":{"start":{"line":50,"column":4},"end":{"line":50,"column":76}},"13":{"start":{"line":62,"column":4},"end":{"line":105,"column":6}},"14":{"start":{"line":64,"column":8},"end":{"line":68,"column":10}},"15":{"start":{"line":66,"column":12},"end":{"line":66,"column":80}},"16":{"start":{"line":71,"column":8},"end":{"line":89,"column":10}},"17":{"start":{"line":73,"column":12},"end":{"line":73,"column":73}},"18":{"start":{"line":76,"column":12},"end":{"line":84,"column":15}},"19":{"start":{"line":77,"column":14},"end":{"line":83,"column":17}},"20":{"start":{"line":78,"column":16},"end":{"line":82,"column":17}},"21":{"start":{"line":79,"column":18},"end":{"line":79,"column":32}},"22":{"start":{"line":81,"column":18},"end":{"line":81,"column":27}},"23":{"start":{"line":87,"column":12},"end":{"line":87,"column":60}},"24":{"start":{"line":92,"column":8},"end":{"line":92,"column":57}},"25":{"start":{"line":95,"column":8},"end":{"line":95,"column":77}},"26":{"start":{"line":98,"column":8},"end":{"line":100,"column":9}},"27":{"start":{"line":99,"column":10},"end":{"line":99,"column":69}},"28":{"start":{"line":103,"column":8},"end":{"line":103,"column":56}},"29":{"start":{"line":109,"column":22},"end":{"line":109,"column":74}},"30":{"start":{"line":111,"column":4},"end":{"line":120,"column":5}},"31":{"start":{"line":113,"column":8},"end":{"line":115,"column":34}},"32":{"start":{"line":116,"column":6},"end":{"line":116,"column":66}},"33":{"start":{"line":118,"column":6},"end":{"line":118,"column":23}},"34":{"start":{"line":119,"column":6},"end":{"line":119,"column":33}},"35":{"start":{"line":128,"column":18},"end":{"line":128,"column":20}},"36":{"start":{"line":129,"column":4},"end":{"line":131,"column":5}},"37":{"start":{"line":129,"column":17},"end":{"line":129,"column":18}},"38":{"start":{"line":130,"column":6},"end":{"line":130,"column":52}},"39":{"start":{"line":132,"column":4},"end":{"line":132,"column":33}},"40":{"start":{"line":140,"column":24},"end":{"line":140,"column":52}},"41":{"start":{"line":141,"column":4},"end":{"line":171,"column":7}},"42":{"start":{"line":142,"column":6},"end":{"line":170,"column":7}},"43":{"start":{"line":143,"column":8},"end":{"line":166,"column":13}},"44":{"start":{"line":145,"column":12},"end":{"line":162,"column":13}},"45":{"start":{"line":146,"column":14},"end":{"line":158,"column":15}},"46":{"start":{"line":147,"column":31},"end":{"line":147,"column":45}},"47":{"start":{"line":148,"column":16},"end":{"line":156,"column":17}},"48":{"start":{"line":149,"column":30},"end":{"line":149,"column":49}},"49":{"start":{"line":150,"column":18},"end":{"line":155,"column":19}},"50":{"start":{"line":150,"column":31},"end":{"line":150,"column":32}},"51":{"start":{"line":151,"column":20},"end":{"line":151,"column":48}},"52":{"start":{"line":152,"column":20},"end":{"line":154,"column":21}},"53":{"start":{"line":153,"column":22},"end":{"line":153,"column":28}},"54":{"start":{"line":157,"column":16},"end":{"line":157,"column":62}},"55":{"start":{"line":159,"column":14},"end":{"line":159,"column":25}},"56":{"start":{"line":161,"column":14},"end":{"line":161,"column":26}},"57":{"start":{"line":165,"column":12},"end":{"line":165,"column":24}},"58":{"start":{"line":168,"column":24},"end":{"line":168,"column":85}},"59":{"start":{"line":169,"column":8},"end":{"line":169,"column":24}},"60":{"start":{"line":183,"column":4},"end":{"line":203,"column":5}},"61":{"start":{"line":185,"column":6},"end":{"line":189,"column":7}},"62":{"start":{"line":186,"column":8},"end":{"line":188,"column":10}},"63":{"start":{"line":187,"column":10},"end":{"line":187,"column":73}},"64":{"start":{"line":191,"column":22},"end":{"line":191,"column":54}},"65":{"start":{"line":192,"column":6},"end":{"line":192,"column":45}},"66":{"start":{"line":193,"column":6},"end":{"line":195,"column":7}},"67":{"start":{"line":194,"column":8},"end":{"line":194,"column":49}},"68":{"start":{"line":196,"column":6},"end":{"line":196,"column":46}},"69":{"start":{"line":197,"column":6},"end":{"line":199,"column":9}},"70":{"start":{"line":198,"column":8},"end":{"line":198,"column":17}},"71":{"start":{"line":200,"column":6},"end":{"line":200,"column":43}},"72":{"start":{"line":202,"column":6},"end":{"line":202,"column":71}},"73":{"start":{"line":237,"column":4},"end":{"line":237,"column":16}},"74":{"start":{"line":244,"column":24},"end":{"line":244,"column":65}},"75":{"start":{"line":246,"column":6},"end":{"line":246,"column":113}},"76":{"start":{"line":247,"column":30},"end":{"line":247,"column":59}},"77":{"start":{"line":248,"column":4},"end":{"line":248,"column":48}},"78":{"start":{"line":249,"column":4},"end":{"line":249,"column":36}},"79":{"start":{"line":251,"column":4},"end":{"line":274,"column":5}},"80":{"start":{"line":252,"column":6},"end":{"line":252,"column":90}},"81":{"start":{"line":255,"column":6},"end":{"line":273,"column":7}},"82":{"start":{"line":256,"column":8},"end":{"line":258,"column":11}},"83":{"start":{"line":257,"column":10},"end":{"line":257,"column":94}},"84":{"start":{"line":259,"column":13},"end":{"line":273,"column":7}},"85":{"start":{"line":260,"column":8},"end":{"line":262,"column":11}},"86":{"start":{"line":261,"column":10},"end":{"line":261,"column":94}},"87":{"start":{"line":264,"column":8},"end":{"line":272,"column":13}},"88":{"start":{"line":266,"column":12},"end":{"line":266,"column":96}},"89":{"start":{"line":269,"column":12},"end":{"line":269,"column":44}},"90":{"start":{"line":271,"column":12},"end":{"line":271,"column":109}},"91":{"start":{"line":284,"column":4},"end":{"line":309,"column":7}},"92":{"start":{"line":289,"column":6},"end":{"line":308,"column":7}},"93":{"start":{"line":290,"column":8},"end":{"line":305,"column":9}},"94":{"start":{"line":291,"column":24},"end":{"line":291,"column":59}},"95":{"start":{"line":292,"column":10},"end":{"line":302,"column":15}},"96":{"start":{"line":294,"column":25},"end":{"line":294,"column":54}},"97":{"start":{"line":295,"column":14},"end":{"line":295,"column":73}},"98":{"start":{"line":296,"column":14},"end":{"line":296,"column":26}},"99":{"start":{"line":299,"column":14},"end":{"line":299,"column":45}},"100":{"start":{"line":301,"column":14},"end":{"line":301,"column":111}},"101":{"start":{"line":304,"column":10},"end":{"line":304,"column":24}},"102":{"start":{"line":307,"column":8},"end":{"line":307,"column":52}},"103":{"start":{"line":322,"column":4},"end":{"line":334,"column":5}},"104":{"start":{"line":323,"column":6},"end":{"line":323,"column":47}},"105":{"start":{"line":324,"column":6},"end":{"line":324,"column":75}},"106":{"start":{"line":325,"column":6},"end":{"line":331,"column":8}},"107":{"start":{"line":326,"column":18},"end":{"line":326,"column":47}},"108":{"start":{"line":327,"column":8},"end":{"line":329,"column":9}},"109":{"start":{"line":328,"column":10},"end":{"line":328,"column":54}},"110":{"start":{"line":330,"column":8},"end":{"line":330,"column":19}},"111":{"start":{"line":332,"column":11},"end":{"line":334,"column":5}},"112":{"start":{"line":333,"column":6},"end":{"line":333,"column":60}},"113":{"start":{"line":336,"column":4},"end":{"line":336,"column":57}},"114":{"start":{"line":337,"column":4},"end":{"line":383,"column":7}},"115":{"start":{"line":338,"column":6},"end":{"line":382,"column":11}},"116":{"start":{"line":340,"column":30},"end":{"line":340,"column":32}},"117":{"start":{"line":341,"column":10},"end":{"line":361,"column":12}},"118":{"start":{"line":344,"column":32},"end":{"line":344,"column":79}},"119":{"start":{"line":345,"column":14},"end":{"line":345,"column":72}},"120":{"start":{"line":347,"column":14},"end":{"line":359,"column":17}},"121":{"start":{"line":349,"column":18},"end":{"line":349,"column":114}},"122":{"start":{"line":350,"column":16},"end":{"line":358,"column":17}},"123":{"start":{"line":351,"column":18},"end":{"line":355,"column":20}},"124":{"start":{"line":357,"column":18},"end":{"line":357,"column":77}},"125":{"start":{"line":362,"column":10},"end":{"line":372,"column":13}},"126":{"start":{"line":363,"column":24},"end":{"line":363,"column":53}},"127":{"start":{"line":364,"column":36},"end":{"line":364,"column":89}},"128":{"start":{"line":366,"column":12},"end":{"line":366,"column":69}},"129":{"start":{"line":367,"column":12},"end":{"line":367,"column":70}},"130":{"start":{"line":369,"column":27},"end":{"line":369,"column":50}},"131":{"start":{"line":370,"column":12},"end":{"line":370,"column":82}},"132":{"start":{"line":371,"column":12},"end":{"line":371,"column":60}},"133":{"start":{"line":373,"column":10},"end":{"line":373,"column":48}},"134":{"start":{"line":375,"column":10},"end":{"line":375,"column":86}},"135":{"start":{"line":376,"column":10},"end":{"line":376,"column":31}},"136":{"start":{"line":380,"column":10},"end":{"line":380,"column":41}},"137":{"start":{"line":381,"column":10},"end":{"line":381,"column":107}}},"fnMap":{"0":{"name":"(anonymous_0)","decl":{"start":{"line":10,"column":2},"end":{"line":10,"column":3}},"loc":{"start":{"line":10,"column":16},"end":{"line":12,"column":3}},"line":10},"1":{"name":"(anonymous_1)","decl":{"start":{"line":14,"column":2},"end":{"line":14,"column":3}},"loc":{"start":{"line":14,"column":33},"end":{"line":17,"column":3}},"line":14},"2":{"name":"(anonymous_2)","decl":{"start":{"line":19,"column":2},"end":{"line":19,"column":3}},"loc":{"start":{"line":19,"column":54},"end":{"line":21,"column":3}},"line":19},"3":{"name":"(anonymous_3)","decl":{"start":{"line":26,"column":2},"end":{"line":26,"column":3}},"loc":{"start":{"line":26,"column":113},"end":{"line":40,"column":3}},"line":26},"4":{"name":"(anonymous_4)","decl":{"start":{"line":49,"column":2},"end":{"line":49,"column":3}},"loc":{"start":{"line":49,"column":66},"end":{"line":51,"column":3}},"line":49},"5":{"name":"(anonymous_5)","decl":{"start":{"line":61,"column":2},"end":{"line":61,"column":3}},"loc":{"start":{"line":61,"column":66},"end":{"line":106,"column":3}},"line":61},"6":{"name":"(anonymous_6)","decl":{"start":{"line":63,"column":19},"end":{"line":63,"column":20}},"loc":{"start":{"line":63,"column":25},"end":{"line":69,"column":7}},"line":63},"7":{"name":"(anonymous_7)","decl":{"start":{"line":65,"column":20},"end":{"line":65,"column":21}},"loc":{"start":{"line":65,"column":29},"end":{"line":67,"column":11}},"line":65},"8":{"name":"(anonymous_8)","decl":{"start":{"line":70,"column":17},"end":{"line":70,"column":18}},"loc":{"start":{"line":70,"column":23},"end":{"line":90,"column":7}},"line":70},"9":{"name":"(anonymous_9)","decl":{"start":{"line":72,"column":21},"end":{"line":72,"column":22}},"loc":{"start":{"line":72,"column":38},"end":{"line":74,"column":11}},"line":72},"10":{"name":"(anonymous_10)","decl":{"start":{"line":75,"column":33},"end":{"line":75,"column":34}},"loc":{"start":{"line":75,"column":51},"end":{"line":85,"column":11}},"line":75},"11":{"name":"(anonymous_11)","decl":{"start":{"line":76,"column":31},"end":{"line":76,"column":32}},"loc":{"start":{"line":76,"column":52},"end":{"line":84,"column":13}},"line":76},"12":{"name":"(anonymous_12)","decl":{"start":{"line":77,"column":88},"end":{"line":77,"column":89}},"loc":{"start":{"line":77,"column":96},"end":{"line":83,"column":15}},"line":77},"13":{"name":"(anonymous_13)","decl":{"start":{"line":86,"column":27},"end":{"line":86,"column":28}},"loc":{"start":{"line":86,"column":33},"end":{"line":88,"column":11}},"line":86},"14":{"name":"(anonymous_14)","decl":{"start":{"line":91,"column":24},"end":{"line":91,"column":25}},"loc":{"start":{"line":91,"column":30},"end":{"line":93,"column":7}},"line":91},"15":{"name":"(anonymous_15)","decl":{"start":{"line":94,"column":31},"end":{"line":94,"column":32}},"loc":{"start":{"line":94,"column":37},"end":{"line":96,"column":7}},"line":94},"16":{"name":"(anonymous_16)","decl":{"start":{"line":97,"column":20},"end":{"line":97,"column":21}},"loc":{"start":{"line":97,"column":26},"end":{"line":101,"column":7}},"line":97},"17":{"name":"(anonymous_17)","decl":{"start":{"line":102,"column":23},"end":{"line":102,"column":24}},"loc":{"start":{"line":102,"column":29},"end":{"line":104,"column":7}},"line":102},"18":{"name":"(anonymous_18)","decl":{"start":{"line":108,"column":2},"end":{"line":108,"column":3}},"loc":{"start":{"line":108,"column":94},"end":{"line":121,"column":3}},"line":108},"19":{"name":"(anonymous_19)","decl":{"start":{"line":127,"column":2},"end":{"line":127,"column":3}},"loc":{"start":{"line":127,"column":32},"end":{"line":133,"column":3}},"line":127},"20":{"name":"(anonymous_20)","decl":{"start":{"line":139,"column":2},"end":{"line":139,"column":3}},"loc":{"start":{"line":139,"column":52},"end":{"line":172,"column":3}},"line":139},"21":{"name":"(anonymous_21)","decl":{"start":{"line":141,"column":23},"end":{"line":141,"column":24}},"loc":{"start":{"line":141,"column":44},"end":{"line":171,"column":5}},"line":141},"22":{"name":"(anonymous_22)","decl":{"start":{"line":144,"column":16},"end":{"line":144,"column":17}},"loc":{"start":{"line":144,"column":26},"end":{"line":163,"column":11}},"line":144},"23":{"name":"(anonymous_23)","decl":{"start":{"line":164,"column":17},"end":{"line":164,"column":18}},"loc":{"start":{"line":164,"column":24},"end":{"line":166,"column":11}},"line":164},"24":{"name":"(anonymous_24)","decl":{"start":{"line":182,"column":2},"end":{"line":182,"column":3}},"loc":{"start":{"line":182,"column":56},"end":{"line":204,"column":3}},"line":182},"25":{"name":"(anonymous_25)","decl":{"start":{"line":186,"column":76},"end":{"line":186,"column":77}},"loc":{"start":{"line":186,"column":95},"end":{"line":188,"column":9}},"line":186},"26":{"name":"(anonymous_26)","decl":{"start":{"line":197,"column":41},"end":{"line":197,"column":42}},"loc":{"start":{"line":197,"column":47},"end":{"line":199,"column":7}},"line":197},"27":{"name":"(anonymous_27)","decl":{"start":{"line":212,"column":2},"end":{"line":212,"column":3}},"loc":{"start":{"line":212,"column":26},"end":{"line":238,"column":3}},"line":212},"28":{"name":"(anonymous_28)","decl":{"start":{"line":243,"column":2},"end":{"line":243,"column":3}},"loc":{"start":{"line":243,"column":110},"end":{"line":275,"column":3}},"line":243},"29":{"name":"(anonymous_29)","decl":{"start":{"line":256,"column":73},"end":{"line":256,"column":74}},"loc":{"start":{"line":256,"column":79},"end":{"line":258,"column":9}},"line":256},"30":{"name":"(anonymous_30)","decl":{"start":{"line":260,"column":63},"end":{"line":260,"column":64}},"loc":{"start":{"line":260,"column":69},"end":{"line":262,"column":9}},"line":260},"31":{"name":"(anonymous_31)","decl":{"start":{"line":265,"column":16},"end":{"line":265,"column":17}},"loc":{"start":{"line":265,"column":22},"end":{"line":267,"column":11}},"line":265},"32":{"name":"(anonymous_32)","decl":{"start":{"line":268,"column":17},"end":{"line":268,"column":18}},"loc":{"start":{"line":268,"column":26},"end":{"line":272,"column":11}},"line":268},"33":{"name":"(anonymous_33)","decl":{"start":{"line":283,"column":2},"end":{"line":283,"column":3}},"loc":{"start":{"line":283,"column":78},"end":{"line":310,"column":3}},"line":283},"34":{"name":"(anonymous_34)","decl":{"start":{"line":284,"column":23},"end":{"line":284,"column":24}},"loc":{"start":{"line":284,"column":44},"end":{"line":309,"column":5}},"line":284},"35":{"name":"(anonymous_35)","decl":{"start":{"line":293,"column":18},"end":{"line":293,"column":19}},"loc":{"start":{"line":293,"column":24},"end":{"line":297,"column":13}},"line":293},"36":{"name":"(anonymous_36)","decl":{"start":{"line":298,"column":19},"end":{"line":298,"column":20}},"loc":{"start":{"line":298,"column":28},"end":{"line":302,"column":13}},"line":298},"37":{"name":"(anonymous_37)","decl":{"start":{"line":320,"column":2},"end":{"line":320,"column":3}},"loc":{"start":{"line":320,"column":74},"end":{"line":384,"column":3}},"line":320},"38":{"name":"(anonymous_38)","decl":{"start":{"line":325,"column":45},"end":{"line":325,"column":46}},"loc":{"start":{"line":325,"column":61},"end":{"line":331,"column":7}},"line":325},"39":{"name":"(anonymous_39)","decl":{"start":{"line":337,"column":23},"end":{"line":337,"column":24}},"loc":{"start":{"line":337,"column":34},"end":{"line":383,"column":5}},"line":337},"40":{"name":"(anonymous_40)","decl":{"start":{"line":339,"column":14},"end":{"line":339,"column":15}},"loc":{"start":{"line":339,"column":44},"end":{"line":377,"column":9}},"line":339},"41":{"name":"(anonymous_41)","decl":{"start":{"line":343,"column":28},"end":{"line":343,"column":29}},"loc":{"start":{"line":343,"column":56},"end":{"line":360,"column":13}},"line":343},"42":{"name":"(anonymous_42)","decl":{"start":{"line":347,"column":32},"end":{"line":347,"column":33}},"loc":{"start":{"line":347,"column":48},"end":{"line":359,"column":15}},"line":347},"43":{"name":"(anonymous_43)","decl":{"start":{"line":362,"column":45},"end":{"line":362,"column":46}},"loc":{"start":{"line":362,"column":60},"end":{"line":372,"column":11}},"line":362},"44":{"name":"(anonymous_44)","decl":{"start":{"line":378,"column":15},"end":{"line":378,"column":16}},"loc":{"start":{"line":378,"column":24},"end":{"line":382,"column":9}},"line":378}},"branchMap":{"0":{"loc":{"start":{"line":27,"column":4},"end":{"line":39,"column":5}},"type":"if","locations":[{"start":{"line":27,"column":4},"end":{"line":39,"column":5}},{"start":{},"end":{}}],"line":27},"1":{"loc":{"start":{"line":27,"column":8},"end":{"line":27,"column":64}},"type":"binary-expr","locations":[{"start":{"line":27,"column":8},"end":{"line":27,"column":20}},{"start":{"line":27,"column":24},"end":{"line":27,"column":64}}],"line":27},"2":{"loc":{"start":{"line":29,"column":6},"end":{"line":31,"column":7}},"type":"if","locations":[{"start":{"line":29,"column":6},"end":{"line":31,"column":7}},{"start":{},"end":{}}],"line":29},"3":{"loc":{"start":{"line":35,"column":6},"end":{"line":37,"column":7}},"type":"if","locations":[{"start":{"line":35,"column":6},"end":{"line":37,"column":7}},{"start":{},"end":{}}],"line":35},"4":{"loc":{"start":{"line":78,"column":16},"end":{"line":82,"column":17}},"type":"if","locations":[{"start":{"line":78,"column":16},"end":{"line":82,"column":17}},{"start":{"line":80,"column":23},"end":{"line":82,"column":17}}],"line":78},"5":{"loc":{"start":{"line":98,"column":8},"end":{"line":100,"column":9}},"type":"if","locations":[{"start":{"line":98,"column":8},"end":{"line":100,"column":9}},{"start":{},"end":{}}],"line":98},"6":{"loc":{"start":{"line":98,"column":12},"end":{"line":98,"column":55}},"type":"binary-expr","locations":[{"start":{"line":98,"column":12},"end":{"line":98,"column":27}},{"start":{"line":98,"column":31},"end":{"line":98,"column":55}}],"line":98},"7":{"loc":{"start":{"line":111,"column":4},"end":{"line":120,"column":5}},"type":"if","locations":[{"start":{"line":111,"column":4},"end":{"line":120,"column":5}},{"start":{"line":117,"column":11},"end":{"line":120,"column":5}}],"line":111},"8":{"loc":{"start":{"line":113,"column":8},"end":{"line":115,"column":34}},"type":"cond-expr","locations":[{"start":{"line":114,"column":12},"end":{"line":114,"column":61}},{"start":{"line":115,"column":12},"end":{"line":115,"column":34}}],"line":113},"9":{"loc":{"start":{"line":142,"column":6},"end":{"line":170,"column":7}},"type":"if","locations":[{"start":{"line":142,"column":6},"end":{"line":170,"column":7}},{"start":{"line":167,"column":13},"end":{"line":170,"column":7}}],"line":142},"10":{"loc":{"start":{"line":146,"column":14},"end":{"line":158,"column":15}},"type":"if","locations":[{"start":{"line":146,"column":14},"end":{"line":158,"column":15}},{"start":{},"end":{}}],"line":146},"11":{"loc":{"start":{"line":148,"column":16},"end":{"line":156,"column":17}},"type":"if","locations":[{"start":{"line":148,"column":16},"end":{"line":156,"column":17}},{"start":{},"end":{}}],"line":148},"12":{"loc":{"start":{"line":152,"column":20},"end":{"line":154,"column":21}},"type":"if","locations":[{"start":{"line":152,"column":20},"end":{"line":154,"column":21}},{"start":{},"end":{}}],"line":152},"13":{"loc":{"start":{"line":183,"column":4},"end":{"line":203,"column":5}},"type":"if","locations":[{"start":{"line":183,"column":4},"end":{"line":203,"column":5}},{"start":{"line":201,"column":11},"end":{"line":203,"column":5}}],"line":183},"14":{"loc":{"start":{"line":185,"column":6},"end":{"line":189,"column":7}},"type":"if","locations":[{"start":{"line":185,"column":6},"end":{"line":189,"column":7}},{"start":{},"end":{}}],"line":185},"15":{"loc":{"start":{"line":193,"column":6},"end":{"line":195,"column":7}},"type":"if","locations":[{"start":{"line":193,"column":6},"end":{"line":195,"column":7}},{"start":{},"end":{}}],"line":193},"16":{"loc":{"start":{"line":246,"column":6},"end":{"line":246,"column":113}},"type":"cond-expr","locations":[{"start":{"line":246,"column":55},"end":{"line":246,"column":80}},{"start":{"line":246,"column":83},"end":{"line":246,"column":113}}],"line":246},"17":{"loc":{"start":{"line":246,"column":6},"end":{"line":246,"column":52}},"type":"binary-expr","locations":[{"start":{"line":246,"column":6},"end":{"line":246,"column":23}},{"start":{"line":246,"column":27},"end":{"line":246,"column":52}}],"line":246},"18":{"loc":{"start":{"line":251,"column":4},"end":{"line":274,"column":5}},"type":"if","locations":[{"start":{"line":251,"column":4},"end":{"line":274,"column":5}},{"start":{"line":253,"column":11},"end":{"line":274,"column":5}}],"line":251},"19":{"loc":{"start":{"line":255,"column":6},"end":{"line":273,"column":7}},"type":"if","locations":[{"start":{"line":255,"column":6},"end":{"line":273,"column":7}},{"start":{"line":259,"column":13},"end":{"line":273,"column":7}}],"line":255},"20":{"loc":{"start":{"line":259,"column":13},"end":{"line":273,"column":7}},"type":"if","locations":[{"start":{"line":259,"column":13},"end":{"line":273,"column":7}},{"start":{"line":263,"column":13},"end":{"line":273,"column":7}}],"line":259},"21":{"loc":{"start":{"line":259,"column":17},"end":{"line":259,"column":70}},"type":"binary-expr","locations":[{"start":{"line":259,"column":17},"end":{"line":259,"column":34}},{"start":{"line":259,"column":38},"end":{"line":259,"column":70}}],"line":259},"22":{"loc":{"start":{"line":289,"column":6},"end":{"line":308,"column":7}},"type":"if","locations":[{"start":{"line":289,"column":6},"end":{"line":308,"column":7}},{"start":{"line":306,"column":13},"end":{"line":308,"column":7}}],"line":289},"23":{"loc":{"start":{"line":322,"column":4},"end":{"line":334,"column":5}},"type":"if","locations":[{"start":{"line":322,"column":4},"end":{"line":334,"column":5}},{"start":{"line":332,"column":11},"end":{"line":334,"column":5}}],"line":322},"24":{"loc":{"start":{"line":322,"column":8},"end":{"line":322,"column":47}},"type":"binary-expr","locations":[{"start":{"line":322,"column":8},"end":{"line":322,"column":28}},{"start":{"line":322,"column":32},"end":{"line":322,"column":47}}],"line":322},"25":{"loc":{"start":{"line":327,"column":8},"end":{"line":329,"column":9}},"type":"if","locations":[{"start":{"line":327,"column":8},"end":{"line":329,"column":9}},{"start":{},"end":{}}],"line":327},"26":{"loc":{"start":{"line":327,"column":12},"end":{"line":327,"column":45}},"type":"binary-expr","locations":[{"start":{"line":327,"column":12},"end":{"line":327,"column":24}},{"start":{"line":327,"column":28},"end":{"line":327,"column":45}}],"line":327},"27":{"loc":{"start":{"line":332,"column":11},"end":{"line":334,"column":5}},"type":"if","locations":[{"start":{"line":332,"column":11},"end":{"line":334,"column":5}},{"start":{},"end":{}}],"line":332},"28":{"loc":{"start":{"line":336,"column":15},"end":{"line":336,"column":56}},"type":"binary-expr","locations":[{"start":{"line":336,"column":15},"end":{"line":336,"column":23}},{"start":{"line":336,"column":27},"end":{"line":336,"column":56}}],"line":336},"29":{"loc":{"start":{"line":344,"column":32},"end":{"line":344,"column":79}},"type":"binary-expr","locations":[{"start":{"line":344,"column":32},"end":{"line":344,"column":73}},{"start":{"line":344,"column":77},"end":{"line":344,"column":79}}],"line":344},"30":{"loc":{"start":{"line":345,"column":33},"end":{"line":345,"column":69}},"type":"binary-expr","locations":[{"start":{"line":345,"column":33},"end":{"line":345,"column":63}},{"start":{"line":345,"column":67},"end":{"line":345,"column":69}}],"line":345},"31":{"loc":{"start":{"line":349,"column":18},"end":{"line":349,"column":114}},"type":"binary-expr","locations":[{"start":{"line":349,"column":18},"end":{"line":349,"column":40}},{"start":{"line":349,"column":44},"end":{"line":349,"column":114}}],"line":349},"32":{"loc":{"start":{"line":350,"column":16},"end":{"line":358,"column":17}},"type":"if","locations":[{"start":{"line":350,"column":16},"end":{"line":358,"column":17}},{"start":{"line":356,"column":23},"end":{"line":358,"column":17}}],"line":350},"33":{"loc":{"start":{"line":353,"column":30},"end":{"line":353,"column":106}},"type":"cond-expr","locations":[{"start":{"line":353,"column":55},"end":{"line":353,"column":91}},{"start":{"line":353,"column":94},"end":{"line":353,"column":106}}],"line":353},"34":{"loc":{"start":{"line":369,"column":27},"end":{"line":369,"column":50}},"type":"binary-expr","locations":[{"start":{"line":369,"column":27},"end":{"line":369,"column":32}},{"start":{"line":369,"column":36},"end":{"line":369,"column":50}}],"line":369}},"s":{"0":1,"1":0,"2":0,"3":0,"4":0,"5":0,"6":0,"7":0,"8":0,"9":0,"10":0,"11":0,"12":0,"13":0,"14":0,"15":0,"16":0,"17":0,"18":0,"19":0,"20":0,"21":0,"22":0,"23":0,"24":0,"25":0,"26":0,"27":0,"28":0,"29":0,"30":0,"31":0,"32":0,"33":0,"34":0,"35":1,"36":1,"37":1,"38":29,"39":1,"40":0,"41":0,"42":0,"43":0,"44":0,"45":0,"46":0,"47":0,"48":0,"49":0,"50":0,"51":0,"52":0,"53":0,"54":0,"55":0,"56":0,"57":0,"58":0,"59":0,"60":0,"61":0,"62":0,"63":0,"64":0,"65":0,"66":0,"67":0,"68":0,"69":0,"70":0,"71":0,"72":0,"73":0,"74":0,"75":0,"76":0,"77":0,"78":0,"79":0,"80":0,"81":0,"82":0,"83":0,"84":0,"85":0,"86":0,"87":0,"88":0,"89":0,"90":0,"91":0,"92":0,"93":0,"94":0,"95":0,"96":0,"97":0,"98":0,"99":0,"100":0,"101":0,"102":0,"103":0,"104":0,"105":0,"106":0,"107":0,"108":0,"109":0,"110":0,"111":0,"112":0,"113":0,"114":0,"115":0,"116":0,"117":0,"118":0,"119":0,"120":0,"121":0,"122":0,"123":0,"124":0,"125":0,"126":0,"127":0,"128":0,"129":0,"130":0,"131":0,"132":0,"133":0,"134":0,"135":0,"136":0,"137":0},"f":{"0":1,"1":0,"2":0,"3":0,"4":0,"5":0,"6":0,"7":0,"8":0,"9":0,"10":0,"11":0,"12":0,"13":0,"14":0,"15":0,"16":0,"17":0,"18":0,"19":1,"20":0,"21":0,"22":0,"23":0,"24":0,"25":0,"26":0,"27":0,"28":0,"29":0,"30":0,"31":0,"32":0,"33":0,"34":0,"35":0,"36":0,"37":0,"38":0,"39":0,"40":0,"41":0,"42":0,"43":0,"44":0},"b":{"0":[0,0],"1":[0,0],"2":[0,0],"3":[0,0],"4":[0,0],"5":[0,0],"6":[0,0],"7":[0,0],"8":[0,0],"9":[0,0],"10":[0,0],"11":[0,0],"12":[0,0],"13":[0,0],"14":[0,0],"15":[0,0],"16":[0,0],"17":[0,0],"18":[0,0],"19":[0,0],"20":[0,0],"21":[0,0],"22":[0,0],"23":[0,0],"24":[0,0],"25":[0,0],"26":[0,0],"27":[0,0],"28":[0,0],"29":[0,0],"30":[0,0],"31":[0,0],"32":[0,0],"33":[0,0],"34":[0,0]},"_coverageSchema":"1a1c01bbd47fc00a2c39e90264f33305004495a9","hash":"0fc4fbeb820d6b42abb8e4ee69323a8afc4549fd"}
,"/Users/d061203/dev/luigi-project/sapluigi/container/src/utilities/helpers.ts": {"path":"/Users/d061203/dev/luigi-project/sapluigi/container/src/utilities/helpers.ts","statementMap":{"0":{"start":{"line":11,"column":8},"end":{"line":11,"column":92}},"1":{"start":{"line":15,"column":38},"end":{"line":15,"column":63}}},"fnMap":{"0":{"name":"(anonymous_0)","decl":{"start":{"line":10,"column":4},"end":{"line":10,"column":5}},"loc":{"start":{"line":10,"column":46},"end":{"line":12,"column":5}},"line":10}},"branchMap":{"0":{"loc":{"start":{"line":11,"column":15},"end":{"line":11,"column":91}},"type":"binary-expr","locations":[{"start":{"line":11,"column":15},"end":{"line":11,"column":30}},{"start":{"line":11,"column":34},"end":{"line":11,"column":91}}],"line":11}},"s":{"0":0,"1":1},"f":{"0":0},"b":{"0":[0,0]},"_coverageSchema":"1a1c01bbd47fc00a2c39e90264f33305004495a9","hash":"38ef35c44e74187f31a11675c51b0739ca6efc76"}
}
